<?xml version="1.0" encoding="UTF-8"?>
<!-- Generated by org.testng.reporters.JUnitReportReporter -->
<testsuite hostname="DESKTOP-J833GHP" failures="0" tests="2" name="qaclickacademy.AppiumTest" time="0.013" errors="0" timestamp="2022-01-10T15:54:44 CET" skipped="0">
  <testcase classname="qaclickacademy.AppiumTest" name="NativeAPPAndroid" time="0.001"/>
  <system-out/>
  <testcase classname="qaclickacademy.AppiumTest" name="IOSApps" time="0.012"/>
  <system-out/>
</testsuite> <!-- qaclickacademy.AppiumTest -->
